2022-04-02 20:46:26,172 [Worker-5: Loading available Gradle versions] INFO  o.e.b.c.i.u.g.PublishedGradleVersions - Gradle version information cache is not available. Remote download required.
2022-04-13 22:35:58,014 [Worker-2: Loading available Gradle versions] INFO  o.e.b.c.i.u.g.PublishedGradleVersions - Gradle version information cache is out-of-date. Trying to update.
2022-04-15 23:19:33,636 [Worker-2: Loading available Gradle versions] INFO  o.e.b.c.i.u.g.PublishedGradleVersions - Gradle version information cache is up-to-date. Trying to read.
2022-04-16 00:36:31,565 [Worker-28: Fetching remote refs from http://github.com/dhionatanDev/ApredendoJava.git] INFO  o.e.jgit.transport.TransportHttp - URI 'http://github.com/dhionatanDev/ApredendoJava.git': following HTTP redirect #0  http://github.com/dhionatanDev/ApredendoJava.git/ -> https://github.com/dhionatanDev/ApredendoJava.git/
2022-04-16 00:36:33,580 [Worker-22: Push to http://github.com/dhionatanDev/ApredendoJava.git] INFO  o.e.jgit.transport.TransportHttp - URI 'http://github.com/dhionatanDev/ApredendoJava.git': following HTTP redirect #0  http://github.com/dhionatanDev/ApredendoJava.git/ -> https://github.com/dhionatanDev/ApredendoJava.git/
2022-04-16 08:26:55,186 [Worker-2: Loading available Gradle versions] INFO  o.e.b.c.i.u.g.PublishedGradleVersions - Gradle version information cache is up-to-date. Trying to read.
2022-04-16 08:28:28,972 [Worker-2: Fetching remote refs from http://github.com/dhionatanDev/ApredendoJava.git] INFO  o.e.jgit.transport.TransportHttp - URI 'http://github.com/dhionatanDev/ApredendoJava.git': following HTTP redirect #0  http://github.com/dhionatanDev/ApredendoJava.git/ -> https://github.com/dhionatanDev/ApredendoJava.git/
2022-04-16 08:28:55,443 [Worker-14: Push to http://github.com/dhionatanDev/ApredendoJava.git] INFO  o.e.jgit.transport.TransportHttp - URI 'http://github.com/dhionatanDev/ApredendoJava.git': following HTTP redirect #0  http://github.com/dhionatanDev/ApredendoJava.git/ -> https://github.com/dhionatanDev/ApredendoJava.git/
2022-04-16 08:29:46,291 [Worker-17: Fetching remote refs from http://github.com/dhionatanDev/ApredendoJava.git] INFO  o.e.jgit.transport.TransportHttp - URI 'http://github.com/dhionatanDev/ApredendoJava.git': following HTTP redirect #0  http://github.com/dhionatanDev/ApredendoJava.git/ -> https://github.com/dhionatanDev/ApredendoJava.git/
2022-04-16 08:29:49,266 [ModalContext] INFO  o.e.jgit.transport.TransportHttp - URI 'http://github.com/dhionatanDev/ApredendoJava.git': following HTTP redirect #0  http://github.com/dhionatanDev/ApredendoJava.git/ -> https://github.com/dhionatanDev/ApredendoJava.git/
2022-04-16 08:52:47,605 [Worker-22: Fetching remote refs from http://github.com/dhionatanDev/ApredendoJava.git] INFO  o.e.jgit.transport.TransportHttp - URI 'http://github.com/dhionatanDev/ApredendoJava.git': following HTTP redirect #0  http://github.com/dhionatanDev/ApredendoJava.git/ -> https://github.com/dhionatanDev/ApredendoJava.git/
2022-04-16 08:53:03,167 [ModalContext] INFO  o.e.jgit.transport.TransportHttp - URI 'http://github.com/dhionatanDev/ApredendoJava.git': following HTTP redirect #0  http://github.com/dhionatanDev/ApredendoJava.git/ -> https://github.com/dhionatanDev/ApredendoJava.git/
2022-04-16 08:53:16,465 [Worker-21: Push to http://github.com/dhionatanDev/ApredendoJava.git] INFO  o.e.jgit.transport.TransportHttp - URI 'http://github.com/dhionatanDev/ApredendoJava.git': following HTTP redirect #0  http://github.com/dhionatanDev/ApredendoJava.git/ -> https://github.com/dhionatanDev/ApredendoJava.git/
2022-04-16 08:56:13,372 [Worker-21: Fetching changes before synchronization launch] INFO  o.e.jgit.transport.TransportHttp - URI 'http://github.com/dhionatanDev/ApredendoJava.git': following HTTP redirect #0  http://github.com/dhionatanDev/ApredendoJava.git/ -> https://github.com/dhionatanDev/ApredendoJava.git/
2022-04-16 08:57:00,287 [Worker-21: Push to ApredendoJava refs/heads/main - ApredendoJava] INFO  o.e.jgit.transport.TransportHttp - URI 'http://github.com/dhionatanDev/ApredendoJava.git': following HTTP redirect #0  http://github.com/dhionatanDev/ApredendoJava.git/ -> https://github.com/dhionatanDev/ApredendoJava.git/
2022-04-16 09:01:30,829 [Worker-24: Fetching remote refs from http://github.com/dhionatanDev/ApredendoJava.git] INFO  o.e.jgit.transport.TransportHttp - URI 'http://github.com/dhionatanDev/ApredendoJava.git': following HTTP redirect #0  http://github.com/dhionatanDev/ApredendoJava.git/ -> https://github.com/dhionatanDev/ApredendoJava.git/
2022-04-16 09:01:35,872 [Worker-29: Push to http://github.com/dhionatanDev/ApredendoJava.git] INFO  o.e.jgit.transport.TransportHttp - URI 'http://github.com/dhionatanDev/ApredendoJava.git': following HTTP redirect #0  http://github.com/dhionatanDev/ApredendoJava.git/ -> https://github.com/dhionatanDev/ApredendoJava.git/
2022-04-16 09:04:53,958 [Worker-24: Fetching changes before synchronization launch] INFO  o.e.jgit.transport.TransportHttp - URI 'http://github.com/dhionatanDev/ApredendoJava.git': following HTTP redirect #0  http://github.com/dhionatanDev/ApredendoJava.git/ -> https://github.com/dhionatanDev/ApredendoJava.git/
2022-04-16 09:06:22,646 [Worker-31: Push to ApredendoJava refs/heads/main - ApredendoJava] INFO  o.e.jgit.transport.TransportHttp - URI 'http://github.com/dhionatanDev/ApredendoJava.git': following HTTP redirect #0  http://github.com/dhionatanDev/ApredendoJava.git/ -> https://github.com/dhionatanDev/ApredendoJava.git/
2022-04-19 22:59:40,581 [Worker-1: Loading available Gradle versions] INFO  o.e.b.c.i.u.g.PublishedGradleVersions - Gradle version information cache is out-of-date. Trying to update.
2022-04-19 23:26:32,978 [Worker-17: Push to ApredendoJava refs/heads/main - ApredendoJava] INFO  o.e.jgit.transport.TransportHttp - URI 'http://github.com/dhionatanDev/ApredendoJava.git': following HTTP redirect #0  http://github.com/dhionatanDev/ApredendoJava.git/ -> https://github.com/dhionatanDev/ApredendoJava.git/
2022-04-19 23:28:48,000 [Worker-18: Fetching changes before synchronization launch] INFO  o.e.jgit.transport.TransportHttp - URI 'http://github.com/dhionatanDev/ApredendoJava.git': following HTTP redirect #0  http://github.com/dhionatanDev/ApredendoJava.git/ -> https://github.com/dhionatanDev/ApredendoJava.git/
2022-04-19 23:50:21,982 [Worker-31: Fetching changes before synchronization launch] INFO  o.e.jgit.transport.TransportHttp - URI 'http://github.com/dhionatanDev/ApredendoJava.git': following HTTP redirect #0  http://github.com/dhionatanDev/ApredendoJava.git/ -> https://github.com/dhionatanDev/ApredendoJava.git/
2022-04-19 23:52:10,012 [Worker-30: Push to ApredendoJava refs/heads/main - ApredendoJava] INFO  o.e.jgit.transport.TransportHttp - URI 'http://github.com/dhionatanDev/ApredendoJava.git': following HTTP redirect #0  http://github.com/dhionatanDev/ApredendoJava.git/ -> https://github.com/dhionatanDev/ApredendoJava.git/
2022-04-20 00:07:20,801 [Worker-33: Fetching changes before synchronization launch] INFO  o.e.jgit.transport.TransportHttp - URI 'http://github.com/dhionatanDev/ApredendoJava.git': following HTTP redirect #0  http://github.com/dhionatanDev/ApredendoJava.git/ -> https://github.com/dhionatanDev/ApredendoJava.git/
2022-04-20 00:08:14,638 [Worker-35: Push to ApredendoJava refs/heads/main - ApredendoJava] INFO  o.e.jgit.transport.TransportHttp - URI 'http://github.com/dhionatanDev/ApredendoJava.git': following HTTP redirect #0  http://github.com/dhionatanDev/ApredendoJava.git/ -> https://github.com/dhionatanDev/ApredendoJava.git/
2022-04-20 00:23:21,359 [Worker-33: Fetching changes before synchronization launch] INFO  o.e.jgit.transport.TransportHttp - URI 'http://github.com/dhionatanDev/ApredendoJava.git': following HTTP redirect #0  http://github.com/dhionatanDev/ApredendoJava.git/ -> https://github.com/dhionatanDev/ApredendoJava.git/
2022-04-20 00:24:08,281 [Worker-35: Push to ApredendoJava refs/heads/main - ApredendoJava] INFO  o.e.jgit.transport.TransportHttp - URI 'http://github.com/dhionatanDev/ApredendoJava.git': following HTTP redirect #0  http://github.com/dhionatanDev/ApredendoJava.git/ -> https://github.com/dhionatanDev/ApredendoJava.git/
2022-04-20 00:43:24,562 [Worker-41: Fetching changes before synchronization launch] INFO  o.e.jgit.transport.TransportHttp - URI 'http://github.com/dhionatanDev/ApredendoJava.git': following HTTP redirect #0  http://github.com/dhionatanDev/ApredendoJava.git/ -> https://github.com/dhionatanDev/ApredendoJava.git/
2022-04-20 00:45:29,183 [Worker-44: Fetching changes before synchronization launch] INFO  o.e.jgit.transport.TransportHttp - URI 'http://github.com/dhionatanDev/ApredendoJava.git': following HTTP redirect #0  http://github.com/dhionatanDev/ApredendoJava.git/ -> https://github.com/dhionatanDev/ApredendoJava.git/
2022-04-20 00:54:45,285 [Worker-10: Loading available Gradle versions] INFO  o.e.b.c.i.u.g.PublishedGradleVersions - Gradle version information cache is up-to-date. Trying to read.
2022-04-20 00:55:09,253 [Worker-11: Fetching changes before synchronization launch] INFO  o.e.jgit.transport.TransportHttp - URI 'http://github.com/dhionatanDev/ApredendoJava.git': following HTTP redirect #0  http://github.com/dhionatanDev/ApredendoJava.git/ -> https://github.com/dhionatanDev/ApredendoJava.git/
2022-04-20 00:55:59,660 [Worker-4: Push to ApredendoJava refs/heads/main - ApredendoJava] INFO  o.e.jgit.transport.TransportHttp - URI 'http://github.com/dhionatanDev/ApredendoJava.git': following HTTP redirect #0  http://github.com/dhionatanDev/ApredendoJava.git/ -> https://github.com/dhionatanDev/ApredendoJava.git/
2022-04-20 01:17:03,596 [Worker-1: Fetching changes before synchronization launch] INFO  o.e.jgit.transport.TransportHttp - URI 'http://github.com/dhionatanDev/ApredendoJava.git': following HTTP redirect #0  http://github.com/dhionatanDev/ApredendoJava.git/ -> https://github.com/dhionatanDev/ApredendoJava.git/
2022-04-20 01:17:40,759 [Worker-2: Push to ApredendoJava refs/heads/main - ApredendoJava] INFO  o.e.jgit.transport.TransportHttp - URI 'http://github.com/dhionatanDev/ApredendoJava.git': following HTTP redirect #0  http://github.com/dhionatanDev/ApredendoJava.git/ -> https://github.com/dhionatanDev/ApredendoJava.git/
2022-04-22 20:06:52,257 [Worker-20: Fetching changes before synchronization launch] INFO  o.e.jgit.transport.TransportHttp - URI 'http://github.com/dhionatanDev/ApredendoJava.git': following HTTP redirect #0  http://github.com/dhionatanDev/ApredendoJava.git/ -> https://github.com/dhionatanDev/ApredendoJava.git/
2022-04-22 20:12:49,132 [Worker-13: Fetching changes before synchronization launch] INFO  o.e.jgit.transport.TransportHttp - URI 'http://github.com/dhionatanDev/ApredendoJava.git': following HTTP redirect #0  http://github.com/dhionatanDev/ApredendoJava.git/ -> https://github.com/dhionatanDev/ApredendoJava.git/
2022-04-22 20:13:57,853 [Worker-13: Push to ApredendoJava - ApredendoJava] INFO  o.e.jgit.transport.TransportHttp - URI 'http://github.com/dhionatanDev/ApredendoJava.git': following HTTP redirect #0  http://github.com/dhionatanDev/ApredendoJava.git/ -> https://github.com/dhionatanDev/ApredendoJava.git/
2022-04-22 20:15:17,082 [Worker-25: Push to ApredendoJava refs/heads/main - ApredendoJava] INFO  o.e.jgit.transport.TransportHttp - URI 'http://github.com/dhionatanDev/ApredendoJava.git': following HTTP redirect #0  http://github.com/dhionatanDev/ApredendoJava.git/ -> https://github.com/dhionatanDev/ApredendoJava.git/
2022-04-22 20:16:52,384 [Worker-22: Push to ApredendoJava refs/heads/main - ApredendoJava] INFO  o.e.jgit.transport.TransportHttp - URI 'http://github.com/dhionatanDev/ApredendoJava.git': following HTTP redirect #0  http://github.com/dhionatanDev/ApredendoJava.git/ -> https://github.com/dhionatanDev/ApredendoJava.git/
2022-04-22 20:21:17,129 [Worker-19: Fetching changes before synchronization launch] INFO  o.e.jgit.transport.TransportHttp - URI 'http://github.com/dhionatanDev/ApredendoJava.git': following HTTP redirect #0  http://github.com/dhionatanDev/ApredendoJava.git/ -> https://github.com/dhionatanDev/ApredendoJava.git/
2022-04-22 20:22:11,403 [Worker-20: Push to ApredendoJava - ApredendoJava] INFO  o.e.jgit.transport.TransportHttp - URI 'http://github.com/dhionatanDev/ApredendoJava.git': following HTTP redirect #0  http://github.com/dhionatanDev/ApredendoJava.git/ -> https://github.com/dhionatanDev/ApredendoJava.git/
2022-04-22 20:22:49,653 [Worker-19: Push to ApredendoJava refs/heads/main - ApredendoJava] INFO  o.e.jgit.transport.TransportHttp - URI 'http://github.com/dhionatanDev/ApredendoJava.git': following HTTP redirect #0  http://github.com/dhionatanDev/ApredendoJava.git/ -> https://github.com/dhionatanDev/ApredendoJava.git/
2022-04-22 20:23:49,609 [Worker-21: Fetching changes before synchronization launch] INFO  o.e.jgit.transport.TransportHttp - URI 'http://github.com/dhionatanDev/ApredendoJava.git': following HTTP redirect #0  http://github.com/dhionatanDev/ApredendoJava.git/ -> https://github.com/dhionatanDev/ApredendoJava.git/
2022-04-22 20:24:55,424 [Worker-20: Push to ApredendoJava refs/heads/main - ApredendoJava] INFO  o.e.jgit.transport.TransportHttp - URI 'http://github.com/dhionatanDev/ApredendoJava.git': following HTTP redirect #0  http://github.com/dhionatanDev/ApredendoJava.git/ -> https://github.com/dhionatanDev/ApredendoJava.git/
2022-04-22 20:25:41,280 [Worker-17: Fetching changes before synchronization launch] INFO  o.e.jgit.transport.TransportHttp - URI 'http://github.com/dhionatanDev/ApredendoJava.git': following HTTP redirect #0  http://github.com/dhionatanDev/ApredendoJava.git/ -> https://github.com/dhionatanDev/ApredendoJava.git/
2022-04-22 20:26:18,577 [Worker-17: Push to ApredendoJava refs/heads/main - ApredendoJava] INFO  o.e.jgit.transport.TransportHttp - URI 'http://github.com/dhionatanDev/ApredendoJava.git': following HTTP redirect #0  http://github.com/dhionatanDev/ApredendoJava.git/ -> https://github.com/dhionatanDev/ApredendoJava.git/
2022-04-22 20:27:19,102 [Worker-13: Fetching changes before synchronization launch] INFO  o.e.jgit.transport.TransportHttp - URI 'http://github.com/dhionatanDev/ApredendoJava.git': following HTTP redirect #0  http://github.com/dhionatanDev/ApredendoJava.git/ -> https://github.com/dhionatanDev/ApredendoJava.git/
2022-04-22 20:27:55,951 [Worker-20: Push to ApredendoJava refs/heads/main - ApredendoJava] INFO  o.e.jgit.transport.TransportHttp - URI 'http://github.com/dhionatanDev/ApredendoJava.git': following HTTP redirect #0  http://github.com/dhionatanDev/ApredendoJava.git/ -> https://github.com/dhionatanDev/ApredendoJava.git/
2022-04-22 20:31:26,992 [Worker-26: Fetching changes before synchronization launch] INFO  o.e.jgit.transport.TransportHttp - URI 'http://github.com/dhionatanDev/ApredendoJava.git': following HTTP redirect #0  http://github.com/dhionatanDev/ApredendoJava.git/ -> https://github.com/dhionatanDev/ApredendoJava.git/
2022-04-22 20:32:32,507 [Worker-22: Push to ApredendoJava refs/heads/main - ApredendoJava] INFO  o.e.jgit.transport.TransportHttp - URI 'http://github.com/dhionatanDev/ApredendoJava.git': following HTTP redirect #0  http://github.com/dhionatanDev/ApredendoJava.git/ -> https://github.com/dhionatanDev/ApredendoJava.git/
2022-04-22 20:33:10,336 [Worker-22: Fetching changes before synchronization launch] INFO  o.e.jgit.transport.TransportHttp - URI 'http://github.com/dhionatanDev/ApredendoJava.git': following HTTP redirect #0  http://github.com/dhionatanDev/ApredendoJava.git/ -> https://github.com/dhionatanDev/ApredendoJava.git/
2022-04-22 20:34:08,820 [Worker-13: Push to ApredendoJava refs/heads/main - ApredendoJava] INFO  o.e.jgit.transport.TransportHttp - URI 'http://github.com/dhionatanDev/ApredendoJava.git': following HTTP redirect #0  http://github.com/dhionatanDev/ApredendoJava.git/ -> https://github.com/dhionatanDev/ApredendoJava.git/
2022-04-22 20:34:46,399 [Worker-13: Fetching changes before synchronization launch] INFO  o.e.jgit.transport.TransportHttp - URI 'http://github.com/dhionatanDev/ApredendoJava.git': following HTTP redirect #0  http://github.com/dhionatanDev/ApredendoJava.git/ -> https://github.com/dhionatanDev/ApredendoJava.git/
2022-04-22 20:35:28,704 [Worker-27: Push to ApredendoJava refs/heads/main - ApredendoJava] INFO  o.e.jgit.transport.TransportHttp - URI 'http://github.com/dhionatanDev/ApredendoJava.git': following HTTP redirect #0  http://github.com/dhionatanDev/ApredendoJava.git/ -> https://github.com/dhionatanDev/ApredendoJava.git/
2022-04-22 20:36:18,948 [Worker-19: Fetching changes before synchronization launch] INFO  o.e.jgit.transport.TransportHttp - URI 'http://github.com/dhionatanDev/ApredendoJava.git': following HTTP redirect #0  http://github.com/dhionatanDev/ApredendoJava.git/ -> https://github.com/dhionatanDev/ApredendoJava.git/
2022-04-22 20:36:59,236 [Worker-20: Push to ApredendoJava refs/heads/main - ApredendoJava] INFO  o.e.jgit.transport.TransportHttp - URI 'http://github.com/dhionatanDev/ApredendoJava.git': following HTTP redirect #0  http://github.com/dhionatanDev/ApredendoJava.git/ -> https://github.com/dhionatanDev/ApredendoJava.git/
2022-04-22 22:18:38,569 [Worker-34: Fetching changes before synchronization launch] INFO  o.e.jgit.transport.TransportHttp - URI 'http://github.com/dhionatanDev/ApredendoJava.git': following HTTP redirect #0  http://github.com/dhionatanDev/ApredendoJava.git/ -> https://github.com/dhionatanDev/ApredendoJava.git/
2022-04-22 22:19:35,549 [Worker-13: Push to ApredendoJava refs/heads/main - ApredendoJava] INFO  o.e.jgit.transport.TransportHttp - URI 'http://github.com/dhionatanDev/ApredendoJava.git': following HTTP redirect #0  http://github.com/dhionatanDev/ApredendoJava.git/ -> https://github.com/dhionatanDev/ApredendoJava.git/
2022-04-22 22:25:26,516 [Worker-33: Push to ApredendoJava refs/heads/main - ApredendoJava] INFO  o.e.jgit.transport.TransportHttp - URI 'http://github.com/dhionatanDev/ApredendoJava.git': following HTTP redirect #0  http://github.com/dhionatanDev/ApredendoJava.git/ -> https://github.com/dhionatanDev/ApredendoJava.git/
2022-04-22 22:36:34,024 [Worker-28: Fetching changes before synchronization launch] INFO  o.e.jgit.transport.TransportHttp - URI 'http://github.com/dhionatanDev/ApredendoJava.git': following HTTP redirect #0  http://github.com/dhionatanDev/ApredendoJava.git/ -> https://github.com/dhionatanDev/ApredendoJava.git/
2022-04-22 22:37:49,310 [Worker-38: Push to ApredendoJava refs/heads/main - ApredendoJava] INFO  o.e.jgit.transport.TransportHttp - URI 'http://github.com/dhionatanDev/ApredendoJava.git': following HTTP redirect #0  http://github.com/dhionatanDev/ApredendoJava.git/ -> https://github.com/dhionatanDev/ApredendoJava.git/
2022-04-22 22:46:18,540 [Worker-38: Fetching changes before synchronization launch] INFO  o.e.jgit.transport.TransportHttp - URI 'http://github.com/dhionatanDev/ApredendoJava.git': following HTTP redirect #0  http://github.com/dhionatanDev/ApredendoJava.git/ -> https://github.com/dhionatanDev/ApredendoJava.git/
2022-04-22 22:47:04,619 [Worker-40: Push to ApredendoJava refs/heads/main - ApredendoJava] INFO  o.e.jgit.transport.TransportHttp - URI 'http://github.com/dhionatanDev/ApredendoJava.git': following HTTP redirect #0  http://github.com/dhionatanDev/ApredendoJava.git/ -> https://github.com/dhionatanDev/ApredendoJava.git/
2022-04-22 22:47:58,371 [Worker-33: Fetching remote refs from http://github.com/dhionatanDev/ApredendoJava.git] INFO  o.e.jgit.transport.TransportHttp - URI 'http://github.com/dhionatanDev/ApredendoJava.git': following HTTP redirect #0  http://github.com/dhionatanDev/ApredendoJava.git/ -> https://github.com/dhionatanDev/ApredendoJava.git/
2022-04-22 22:48:02,290 [Worker-39: Fetching remote refs from http://github.com/dhionatanDev/ApredendoJava.git] INFO  o.e.jgit.transport.TransportHttp - URI 'http://github.com/dhionatanDev/ApredendoJava.git': following HTTP redirect #0  http://github.com/dhionatanDev/ApredendoJava.git/ -> https://github.com/dhionatanDev/ApredendoJava.git/
2022-04-22 22:48:06,757 [Worker-28: Push to http://github.com/dhionatanDev/ApredendoJava.git] INFO  o.e.jgit.transport.TransportHttp - URI 'http://github.com/dhionatanDev/ApredendoJava.git': following HTTP redirect #0  http://github.com/dhionatanDev/ApredendoJava.git/ -> https://github.com/dhionatanDev/ApredendoJava.git/
2022-04-22 23:12:40,858 [Worker-28: Fetching changes before synchronization launch] INFO  o.e.jgit.transport.TransportHttp - URI 'http://github.com/dhionatanDev/ApredendoJava.git': following HTTP redirect #0  http://github.com/dhionatanDev/ApredendoJava.git/ -> https://github.com/dhionatanDev/ApredendoJava.git/
2022-04-22 23:13:28,583 [Worker-40: Push to ApredendoJava refs/heads/main - ApredendoJava] INFO  o.e.jgit.transport.TransportHttp - URI 'http://github.com/dhionatanDev/ApredendoJava.git': following HTTP redirect #0  http://github.com/dhionatanDev/ApredendoJava.git/ -> https://github.com/dhionatanDev/ApredendoJava.git/
2022-04-22 23:39:14,146 [Worker-44: Fetching changes before synchronization launch] INFO  o.e.jgit.transport.TransportHttp - URI 'http://github.com/dhionatanDev/ApredendoJava.git': following HTTP redirect #0  http://github.com/dhionatanDev/ApredendoJava.git/ -> https://github.com/dhionatanDev/ApredendoJava.git/
2022-04-22 23:39:48,994 [Worker-44: Push to ApredendoJava refs/heads/main - ApredendoJava] INFO  o.e.jgit.transport.TransportHttp - URI 'http://github.com/dhionatanDev/ApredendoJava.git': following HTTP redirect #0  http://github.com/dhionatanDev/ApredendoJava.git/ -> https://github.com/dhionatanDev/ApredendoJava.git/
2022-04-22 23:52:18,626 [Worker-40: Fetching changes before synchronization launch] INFO  o.e.jgit.transport.TransportHttp - URI 'http://github.com/dhionatanDev/ApredendoJava.git': following HTTP redirect #0  http://github.com/dhionatanDev/ApredendoJava.git/ -> https://github.com/dhionatanDev/ApredendoJava.git/
2022-04-22 23:52:58,063 [Worker-40: Push to ApredendoJava refs/heads/main - ApredendoJava] INFO  o.e.jgit.transport.TransportHttp - URI 'http://github.com/dhionatanDev/ApredendoJava.git': following HTTP redirect #0  http://github.com/dhionatanDev/ApredendoJava.git/ -> https://github.com/dhionatanDev/ApredendoJava.git/
2022-04-23 00:15:41,193 [Worker-48: Fetching changes before synchronization launch] INFO  o.e.jgit.transport.TransportHttp - URI 'http://github.com/dhionatanDev/ApredendoJava.git': following HTTP redirect #0  http://github.com/dhionatanDev/ApredendoJava.git/ -> https://github.com/dhionatanDev/ApredendoJava.git/
2022-04-23 00:16:23,876 [Worker-48: Push to ApredendoJava refs/heads/main - ApredendoJava] INFO  o.e.jgit.transport.TransportHttp - URI 'http://github.com/dhionatanDev/ApredendoJava.git': following HTTP redirect #0  http://github.com/dhionatanDev/ApredendoJava.git/ -> https://github.com/dhionatanDev/ApredendoJava.git/
2022-04-23 00:58:50,772 [Worker-55: Fetching changes before synchronization launch] INFO  o.e.jgit.transport.TransportHttp - URI 'http://github.com/dhionatanDev/ApredendoJava.git': following HTTP redirect #0  http://github.com/dhionatanDev/ApredendoJava.git/ -> https://github.com/dhionatanDev/ApredendoJava.git/
2022-04-23 00:59:29,736 [Worker-45: Push to ApredendoJava refs/heads/main - ApredendoJava] INFO  o.e.jgit.transport.TransportHttp - URI 'http://github.com/dhionatanDev/ApredendoJava.git': following HTTP redirect #0  http://github.com/dhionatanDev/ApredendoJava.git/ -> https://github.com/dhionatanDev/ApredendoJava.git/
2022-04-23 01:43:16,422 [Worker-56: Fetching changes before synchronization launch] INFO  o.e.jgit.transport.TransportHttp - URI 'http://github.com/dhionatanDev/ApredendoJava.git': following HTTP redirect #0  http://github.com/dhionatanDev/ApredendoJava.git/ -> https://github.com/dhionatanDev/ApredendoJava.git/
2022-04-23 01:44:00,888 [Worker-52: Push to ApredendoJava refs/heads/main - ApredendoJava] INFO  o.e.jgit.transport.TransportHttp - URI 'http://github.com/dhionatanDev/ApredendoJava.git': following HTTP redirect #0  http://github.com/dhionatanDev/ApredendoJava.git/ -> https://github.com/dhionatanDev/ApredendoJava.git/
2022-04-26 22:57:37,128 [Worker-3: Loading available Gradle versions] INFO  o.e.b.c.i.u.g.PublishedGradleVersions - Gradle version information cache is out-of-date. Trying to update.
2022-04-26 23:50:44,793 [Worker-1: Loading available Gradle versions] INFO  o.e.b.c.i.u.g.PublishedGradleVersions - Gradle version information cache is up-to-date. Trying to read.
2022-04-27 23:18:44,810 [Worker-9: Fetching changes before synchronization launch] INFO  o.e.jgit.transport.TransportHttp - URI 'http://github.com/dhionatanDev/ApredendoJava.git': following HTTP redirect #0  http://github.com/dhionatanDev/ApredendoJava.git/ -> https://github.com/dhionatanDev/ApredendoJava.git/
2022-04-27 23:19:56,677 [Worker-9: Push to ApredendoJava refs/heads/main - ApredendoJava] INFO  o.e.jgit.transport.TransportHttp - URI 'http://github.com/dhionatanDev/ApredendoJava.git': following HTTP redirect #0  http://github.com/dhionatanDev/ApredendoJava.git/ -> https://github.com/dhionatanDev/ApredendoJava.git/
2022-04-27 23:24:35,266 [Worker-1: Loading available Gradle versions] INFO  o.e.b.c.i.u.g.PublishedGradleVersions - Gradle version information cache is out-of-date. Trying to update.
2022-04-28 00:17:07,132 [Worker-13: Fetching changes before synchronization launch] INFO  o.e.jgit.transport.TransportHttp - URI 'http://github.com/dhionatanDev/ApredendoJava.git': following HTTP redirect #0  http://github.com/dhionatanDev/ApredendoJava.git/ -> https://github.com/dhionatanDev/ApredendoJava.git/
2022-04-28 00:18:04,152 [Worker-15: Push to ApredendoJava refs/heads/main - ApredendoJava] INFO  o.e.jgit.transport.TransportHttp - URI 'http://github.com/dhionatanDev/ApredendoJava.git': following HTTP redirect #0  http://github.com/dhionatanDev/ApredendoJava.git/ -> https://github.com/dhionatanDev/ApredendoJava.git/
2022-04-28 01:03:53,751 [Worker-13: Fetching changes before synchronization launch] INFO  o.e.jgit.transport.TransportHttp - URI 'http://github.com/dhionatanDev/ApredendoJava.git': following HTTP redirect #0  http://github.com/dhionatanDev/ApredendoJava.git/ -> https://github.com/dhionatanDev/ApredendoJava.git/
2022-04-28 01:04:40,387 [Worker-16: Push to ApredendoJava refs/heads/main - ApredendoJava] INFO  o.e.jgit.transport.TransportHttp - URI 'http://github.com/dhionatanDev/ApredendoJava.git': following HTTP redirect #0  http://github.com/dhionatanDev/ApredendoJava.git/ -> https://github.com/dhionatanDev/ApredendoJava.git/
2022-05-01 23:50:30,206 [Worker-0: Loading available Gradle versions] INFO  o.e.b.c.i.u.g.PublishedGradleVersions - Gradle version information cache is out-of-date. Trying to update.
2022-05-07 00:16:21,708 [Worker-1: Loading available Gradle versions] INFO  o.e.b.c.i.u.g.PublishedGradleVersions - Gradle version information cache is out-of-date. Trying to update.
2022-05-09 06:34:46,829 [Worker-1972: Fetching changes before synchronization launch] INFO  o.e.jgit.transport.TransportHttp - URI 'http://github.com/dhionatanDev/ApredendoJava.git': following HTTP redirect #0  http://github.com/dhionatanDev/ApredendoJava.git/ -> https://github.com/dhionatanDev/ApredendoJava.git/
2022-05-09 06:36:07,196 [Worker-1971: Push to ApredendoJava refs/heads/main - ApredendoJava] INFO  o.e.jgit.transport.TransportHttp - URI 'http://github.com/dhionatanDev/ApredendoJava.git': following HTTP redirect #0  http://github.com/dhionatanDev/ApredendoJava.git/ -> https://github.com/dhionatanDev/ApredendoJava.git/
2022-05-09 20:58:46,175 [Worker-2: Loading available Gradle versions] INFO  o.e.b.c.i.u.g.PublishedGradleVersions - Gradle version information cache is out-of-date. Trying to update.
2022-05-09 20:58:47,085 [Worker-2: Loading available Gradle versions] INFO  o.e.b.c.i.u.g.PublishedGradleVersions - Updating Gradle version information cache failed. Using outdated cache.
2022-05-09 23:40:24,772 [Worker-0: Loading available Gradle versions] INFO  o.e.b.c.i.u.g.PublishedGradleVersions - Gradle version information cache is out-of-date. Trying to update.
2022-05-10 01:45:55,677 [Worker-13: Fetching changes before synchronization launch] INFO  o.e.jgit.transport.TransportHttp - URI 'http://github.com/dhionatanDev/ApredendoJava.git': following HTTP redirect #0  http://github.com/dhionatanDev/ApredendoJava.git/ -> https://github.com/dhionatanDev/ApredendoJava.git/
2022-05-10 01:47:03,206 [Worker-19: Push to ApredendoJava refs/heads/main - ApredendoJava] INFO  o.e.jgit.transport.TransportHttp - URI 'http://github.com/dhionatanDev/ApredendoJava.git': following HTTP redirect #0  http://github.com/dhionatanDev/ApredendoJava.git/ -> https://github.com/dhionatanDev/ApredendoJava.git/
2022-05-12 23:19:17,249 [Worker-7: Loading available Gradle versions] INFO  o.e.b.c.i.u.g.PublishedGradleVersions - Gradle version information cache is out-of-date. Trying to update.
2022-05-15 20:01:38,731 [Worker-0: Loading available Gradle versions] INFO  o.e.b.c.i.u.g.PublishedGradleVersions - Gradle version information cache is out-of-date. Trying to update.
